0 info it worked if it ends with ok
1 verbose cli [ 'C:\\Program Files\\nodejs\\node.exe',
1 verbose cli   'C:\\Users\\Saray\\AppData\\Roaming\\npm\\node_modules\\npm\\bin\\npm-cli.js',
1 verbose cli   'install',
1 verbose cli   'ab',
1 verbose cli   '-g' ]
2 info using npm@3.10.8
3 info using node@v6.9.1
4 silly loadCurrentTree Starting
5 silly install loadCurrentTree
6 silly install readGlobalPackageData
7 silly fetchPackageMetaData ab
8 silly fetchNamedPackageData ab
9 silly mapToRegistry name ab
10 silly mapToRegistry using default registry
11 silly mapToRegistry registry https://registry.npmjs.org/
12 silly mapToRegistry data Result {
12 silly mapToRegistry   raw: 'ab',
12 silly mapToRegistry   scope: null,
12 silly mapToRegistry   escapedName: 'ab',
12 silly mapToRegistry   name: 'ab',
12 silly mapToRegistry   rawSpec: '',
12 silly mapToRegistry   spec: 'latest',
12 silly mapToRegistry   type: 'tag' }
13 silly mapToRegistry uri https://registry.npmjs.org/ab
14 verbose request uri https://registry.npmjs.org/ab
15 verbose request no auth needed
16 info attempt registry request try #1 at 17:50:45
17 verbose request id 03fa039b69025e2e
18 http request GET https://registry.npmjs.org/ab
19 http 200 https://registry.npmjs.org/ab
20 verbose headers { server: 'nginx/1.10.1',
20 verbose headers   'content-type': 'application/json',
20 verbose headers   'last-modified': 'Thu, 25 Sep 2014 02:01:23 GMT',
20 verbose headers   etag: 'W/"54237773-4088"',
20 verbose headers   'content-encoding': 'gzip',
20 verbose headers   'cache-control': 'max-age=300',
20 verbose headers   'content-length': '3085',
20 verbose headers   'accept-ranges': 'bytes',
20 verbose headers   date: 'Fri, 30 Jun 2017 15:54:39 GMT',
20 verbose headers   via: '1.1 varnish',
20 verbose headers   age: '0',
20 verbose headers   connection: 'keep-alive',
20 verbose headers   'x-served-by': 'cache-bma7020-BMA',
20 verbose headers   'x-cache': 'MISS',
20 verbose headers   'x-cache-hits': '0',
20 verbose headers   'x-timer': 'S1498838080.714905,VS0,VE138',
20 verbose headers   vary: 'Accept-Encoding' }
21 silly get cb [ 200,
21 silly get   { server: 'nginx/1.10.1',
21 silly get     'content-type': 'application/json',
21 silly get     'last-modified': 'Thu, 25 Sep 2014 02:01:23 GMT',
21 silly get     etag: 'W/"54237773-4088"',
21 silly get     'content-encoding': 'gzip',
21 silly get     'cache-control': 'max-age=300',
21 silly get     'content-length': '3085',
21 silly get     'accept-ranges': 'bytes',
21 silly get     date: 'Fri, 30 Jun 2017 15:54:39 GMT',
21 silly get     via: '1.1 varnish',
21 silly get     age: '0',
21 silly get     connection: 'keep-alive',
21 silly get     'x-served-by': 'cache-bma7020-BMA',
21 silly get     'x-cache': 'MISS',
21 silly get     'x-cache-hits': '0',
21 silly get     'x-timer': 'S1498838080.714905,VS0,VE138',
21 silly get     vary: 'Accept-Encoding' } ]
22 verbose get saving ab to C:\Users\Saray\AppData\Roaming\npm-cache\registry.npmjs.org\ab\.cache.json
23 verbose correctMkdir C:\Users\Saray\AppData\Roaming\npm-cache correctMkdir not in flight; initializing
24 silly install normalizeTree
25 silly loadCurrentTree Finishing
26 silly loadIdealTree Starting
27 silly install loadIdealTree
28 silly cloneCurrentTree Starting
29 silly install cloneCurrentTreeToIdealTree
30 silly cloneCurrentTree Finishing
31 silly loadShrinkwrap Starting
32 silly install loadShrinkwrap
33 silly loadShrinkwrap Finishing
34 silly loadAllDepsIntoIdealTree Starting
35 silly install loadAllDepsIntoIdealTree
36 silly resolveWithNewModule ab@1.0.0 checking installable status
37 silly cache add args [ 'ab', null ]
38 verbose cache add spec ab
39 silly cache add parsed spec Result {
39 silly cache add   raw: 'ab',
39 silly cache add   scope: null,
39 silly cache add   escapedName: 'ab',
39 silly cache add   name: 'ab',
39 silly cache add   rawSpec: '',
39 silly cache add   spec: 'latest',
39 silly cache add   type: 'tag' }
40 silly addNamed ab@latest
41 verbose addNamed "latest" is being treated as a dist-tag for ab
42 info addNameTag [ 'ab', 'latest' ]
43 silly mapToRegistry name ab
44 silly mapToRegistry using default registry
45 silly mapToRegistry registry https://registry.npmjs.org/
46 silly mapToRegistry data Result {
46 silly mapToRegistry   raw: 'ab',
46 silly mapToRegistry   scope: null,
46 silly mapToRegistry   escapedName: 'ab',
46 silly mapToRegistry   name: 'ab',
46 silly mapToRegistry   rawSpec: '',
46 silly mapToRegistry   spec: 'latest',
46 silly mapToRegistry   type: 'tag' }
47 silly mapToRegistry uri https://registry.npmjs.org/ab
48 verbose addNameTag registry:https://registry.npmjs.org/ab not in flight; fetching
49 verbose get https://registry.npmjs.org/ab not expired, no request
50 silly addNameTag next cb for ab with tag latest
51 silly addNamed ab@1.0.0
52 verbose addNamed "1.0.0" is a plain semver version for ab
53 silly mapToRegistry name ab
54 silly mapToRegistry using default registry
55 silly mapToRegistry registry https://registry.npmjs.org/
56 silly mapToRegistry data Result {
56 silly mapToRegistry   raw: 'ab',
56 silly mapToRegistry   scope: null,
56 silly mapToRegistry   escapedName: 'ab',
56 silly mapToRegistry   name: 'ab',
56 silly mapToRegistry   rawSpec: '',
56 silly mapToRegistry   spec: 'latest',
56 silly mapToRegistry   type: 'tag' }
57 silly mapToRegistry uri https://registry.npmjs.org/ab
58 verbose addRemoteTarball https://registry.npmjs.org/ab/-/ab-1.0.0.tgz not in flight; adding
59 verbose addRemoteTarball [ 'https://registry.npmjs.org/ab/-/ab-1.0.0.tgz',
59 verbose addRemoteTarball   '88b1580315de0112d99a4875acc8a602641d0145' ]
60 info retry fetch attempt 1 at 17:50:45
61 info attempt registry request try #1 at 17:50:45
62 http fetch GET https://registry.npmjs.org/ab/-/ab-1.0.0.tgz
63 http fetch 200 https://registry.npmjs.org/ab/-/ab-1.0.0.tgz
64 silly fetchAndShaCheck shasum 88b1580315de0112d99a4875acc8a602641d0145
65 verbose addTmpTarball C:\Users\Saray\AppData\Local\Temp\npm-7028-790eec1b\registry.npmjs.org\ab\-\ab-1.0.0.tgz not in flight; adding
66 verbose addTmpTarball already have metadata; skipping unpack for ab@1.0.0
67 verbose correctMkdir C:\Users\Saray\AppData\Roaming\npm-cache correctMkdir not in flight; initializing
68 silly cache afterAdd ab@1.0.0
69 verbose afterAdd C:\Users\Saray\AppData\Roaming\npm-cache\ab\1.0.0\package\package.json not in flight; writing
70 verbose correctMkdir C:\Users\Saray\AppData\Roaming\npm-cache correctMkdir not in flight; initializing
71 verbose afterAdd C:\Users\Saray\AppData\Roaming\npm-cache\ab\1.0.0\package\package.json written
72 silly fetchNamedPackageData debug
73 silly mapToRegistry name debug
74 silly mapToRegistry using default registry
75 silly mapToRegistry registry https://registry.npmjs.org/
76 silly mapToRegistry data Result {
76 silly mapToRegistry   raw: 'debug',
76 silly mapToRegistry   scope: null,
76 silly mapToRegistry   escapedName: 'debug',
76 silly mapToRegistry   name: 'debug',
76 silly mapToRegistry   rawSpec: '',
76 silly mapToRegistry   spec: 'latest',
76 silly mapToRegistry   type: 'tag' }
77 silly mapToRegistry uri https://registry.npmjs.org/debug
78 silly fetchNamedPackageData microtime
79 silly mapToRegistry name microtime
80 silly mapToRegistry using default registry
81 silly mapToRegistry registry https://registry.npmjs.org/
82 silly mapToRegistry data Result {
82 silly mapToRegistry   raw: 'microtime',
82 silly mapToRegistry   scope: null,
82 silly mapToRegistry   escapedName: 'microtime',
82 silly mapToRegistry   name: 'microtime',
82 silly mapToRegistry   rawSpec: '',
82 silly mapToRegistry   spec: 'latest',
82 silly mapToRegistry   type: 'tag' }
83 silly mapToRegistry uri https://registry.npmjs.org/microtime
84 verbose request uri https://registry.npmjs.org/microtime
85 verbose request no auth needed
86 info attempt registry request try #1 at 17:50:46
87 http request GET https://registry.npmjs.org/microtime
88 verbose request uri https://registry.npmjs.org/debug
89 verbose request no auth needed
90 info attempt registry request try #1 at 17:50:46
91 verbose etag W/"59530a8b-131de"
92 verbose lastModified Wed, 28 Jun 2017 01:46:51 GMT
93 http request GET https://registry.npmjs.org/debug
94 http 200 https://registry.npmjs.org/microtime
95 verbose headers { server: 'nginx/1.10.1',
95 verbose headers   'content-type': 'application/json',
95 verbose headers   'last-modified': 'Mon, 26 Jun 2017 22:46:06 GMT',
95 verbose headers   etag: 'W/"59518eae-870c"',
95 verbose headers   'content-encoding': 'gzip',
95 verbose headers   'cache-control': 'max-age=300',
95 verbose headers   'content-length': '5075',
95 verbose headers   'accept-ranges': 'bytes',
95 verbose headers   date: 'Fri, 30 Jun 2017 15:54:40 GMT',
95 verbose headers   via: '1.1 varnish',
95 verbose headers   age: '204',
95 verbose headers   connection: 'keep-alive',
95 verbose headers   'x-served-by': 'cache-bma7020-BMA',
95 verbose headers   'x-cache': 'HIT',
95 verbose headers   'x-cache-hits': '1',
95 verbose headers   'x-timer': 'S1498838080.169685,VS0,VE1',
95 verbose headers   vary: 'Accept-Encoding' }
96 silly get cb [ 200,
96 silly get   { server: 'nginx/1.10.1',
96 silly get     'content-type': 'application/json',
96 silly get     'last-modified': 'Mon, 26 Jun 2017 22:46:06 GMT',
96 silly get     etag: 'W/"59518eae-870c"',
96 silly get     'content-encoding': 'gzip',
96 silly get     'cache-control': 'max-age=300',
96 silly get     'content-length': '5075',
96 silly get     'accept-ranges': 'bytes',
96 silly get     date: 'Fri, 30 Jun 2017 15:54:40 GMT',
96 silly get     via: '1.1 varnish',
96 silly get     age: '204',
96 silly get     connection: 'keep-alive',
96 silly get     'x-served-by': 'cache-bma7020-BMA',
96 silly get     'x-cache': 'HIT',
96 silly get     'x-cache-hits': '1',
96 silly get     'x-timer': 'S1498838080.169685,VS0,VE1',
96 silly get     vary: 'Accept-Encoding' } ]
97 verbose get saving microtime to C:\Users\Saray\AppData\Roaming\npm-cache\registry.npmjs.org\microtime\.cache.json
98 verbose correctMkdir C:\Users\Saray\AppData\Roaming\npm-cache correctMkdir not in flight; initializing
99 silly resolveWithNewModule microtime@1.0.1 checking installable status
100 silly cache add args [ 'microtime@~1.0.1', null ]
101 verbose cache add spec microtime@~1.0.1
102 silly cache add parsed spec Result {
102 silly cache add   raw: 'microtime@~1.0.1',
102 silly cache add   scope: null,
102 silly cache add   escapedName: 'microtime',
102 silly cache add   name: 'microtime',
102 silly cache add   rawSpec: '~1.0.1',
102 silly cache add   spec: '>=1.0.1 <1.1.0',
102 silly cache add   type: 'range' }
103 silly addNamed microtime@>=1.0.1 <1.1.0
104 verbose addNamed ">=1.0.1 <1.1.0" is a valid semver range for microtime
105 silly addNameRange { name: 'microtime', range: '>=1.0.1 <1.1.0', hasData: false }
106 silly mapToRegistry name microtime
107 silly mapToRegistry using default registry
108 silly mapToRegistry registry https://registry.npmjs.org/
109 silly mapToRegistry data Result {
109 silly mapToRegistry   raw: 'microtime',
109 silly mapToRegistry   scope: null,
109 silly mapToRegistry   escapedName: 'microtime',
109 silly mapToRegistry   name: 'microtime',
109 silly mapToRegistry   rawSpec: '',
109 silly mapToRegistry   spec: 'latest',
109 silly mapToRegistry   type: 'tag' }
110 silly mapToRegistry uri https://registry.npmjs.org/microtime
111 verbose addNameRange registry:https://registry.npmjs.org/microtime not in flight; fetching
112 verbose get https://registry.npmjs.org/microtime not expired, no request
113 silly addNameRange number 2 { name: 'microtime', range: '>=1.0.1 <1.1.0', hasData: true }
114 silly addNameRange versions [ 'microtime',
114 silly addNameRange   [ '0.1.0',
114 silly addNameRange     '0.1.1',
114 silly addNameRange     '0.1.2',
114 silly addNameRange     '0.1.3',
114 silly addNameRange     '0.1.3-1',
114 silly addNameRange     '0.2.0',
114 silly addNameRange     '0.3.0',
114 silly addNameRange     '0.3.1',
114 silly addNameRange     '0.3.2',
114 silly addNameRange     '0.3.3',
114 silly addNameRange     '0.4.0',
114 silly addNameRange     '0.5.0',
114 silly addNameRange     '0.5.1',
114 silly addNameRange     '0.6.0',
114 silly addNameRange     '1.0.0',
114 silly addNameRange     '1.0.1',
114 silly addNameRange     '1.1.0',
114 silly addNameRange     '1.1.1',
114 silly addNameRange     '1.2.0',
114 silly addNameRange     '1.3.0',
114 silly addNameRange     '1.4.0',
114 silly addNameRange     '1.4.1',
114 silly addNameRange     '1.4.2',
114 silly addNameRange     '2.0.0',
114 silly addNameRange     '1.5.0',
114 silly addNameRange     '2.1.0',
114 silly addNameRange     '2.1.1',
114 silly addNameRange     '2.1.2',
114 silly addNameRange     '2.1.3',
114 silly addNameRange     '2.1.4',
114 silly addNameRange     '2.1.5' ] ]
115 silly addNamed microtime@1.0.1
116 verbose addNamed "1.0.1" is a plain semver version for microtime
117 silly mapToRegistry name microtime
118 silly mapToRegistry using default registry
119 silly mapToRegistry registry https://registry.npmjs.org/
120 silly mapToRegistry data Result {
120 silly mapToRegistry   raw: 'microtime',
120 silly mapToRegistry   scope: null,
120 silly mapToRegistry   escapedName: 'microtime',
120 silly mapToRegistry   name: 'microtime',
120 silly mapToRegistry   rawSpec: '',
120 silly mapToRegistry   spec: 'latest',
120 silly mapToRegistry   type: 'tag' }
121 silly mapToRegistry uri https://registry.npmjs.org/microtime
122 verbose addRemoteTarball https://registry.npmjs.org/microtime/-/microtime-1.0.1.tgz not in flight; adding
123 verbose addRemoteTarball [ 'https://registry.npmjs.org/microtime/-/microtime-1.0.1.tgz',
123 verbose addRemoteTarball   '0bd5fd18e6aad88726dc372e94e7daed620ad8ec' ]
124 info retry fetch attempt 1 at 17:50:46
125 info attempt registry request try #1 at 17:50:46
126 http fetch GET https://registry.npmjs.org/microtime/-/microtime-1.0.1.tgz
127 http fetch 200 https://registry.npmjs.org/microtime/-/microtime-1.0.1.tgz
128 silly fetchAndShaCheck shasum 0bd5fd18e6aad88726dc372e94e7daed620ad8ec
129 verbose addTmpTarball C:\Users\Saray\AppData\Local\Temp\npm-7028-790eec1b\registry.npmjs.org\microtime\-\microtime-1.0.1.tgz not in flight; adding
130 verbose addTmpTarball already have metadata; skipping unpack for microtime@1.0.1
131 verbose correctMkdir C:\Users\Saray\AppData\Roaming\npm-cache correctMkdir not in flight; initializing
132 silly cache afterAdd microtime@1.0.1
133 verbose afterAdd C:\Users\Saray\AppData\Roaming\npm-cache\microtime\1.0.1\package\package.json not in flight; writing
134 verbose correctMkdir C:\Users\Saray\AppData\Roaming\npm-cache correctMkdir not in flight; initializing
135 verbose afterAdd C:\Users\Saray\AppData\Roaming\npm-cache\microtime\1.0.1\package\package.json written
136 http 304 https://registry.npmjs.org/debug
137 verbose headers { date: 'Fri, 30 Jun 2017 15:54:40 GMT',
137 verbose headers   via: '1.1 varnish',
137 verbose headers   'cache-control': 'max-age=300',
137 verbose headers   etag: 'W/"59530a8b-131de"',
137 verbose headers   age: '93',
137 verbose headers   connection: 'keep-alive',
137 verbose headers   'x-served-by': 'cache-bma7033-BMA',
137 verbose headers   'x-cache': 'HIT',
137 verbose headers   'x-cache-hits': '10',
137 verbose headers   'x-timer': 'S1498838080.355047,VS0,VE0',
137 verbose headers   vary: 'Accept-Encoding' }
138 silly get cb [ 304,
138 silly get   { date: 'Fri, 30 Jun 2017 15:54:40 GMT',
138 silly get     via: '1.1 varnish',
138 silly get     'cache-control': 'max-age=300',
138 silly get     etag: 'W/"59530a8b-131de"',
138 silly get     age: '93',
138 silly get     connection: 'keep-alive',
138 silly get     'x-served-by': 'cache-bma7033-BMA',
138 silly get     'x-cache': 'HIT',
138 silly get     'x-cache-hits': '10',
138 silly get     'x-timer': 'S1498838080.355047,VS0,VE0',
138 silly get     vary: 'Accept-Encoding' } ]
139 verbose etag https://registry.npmjs.org/debug from cache
140 verbose get saving debug to C:\Users\Saray\AppData\Roaming\npm-cache\registry.npmjs.org\debug\.cache.json
141 verbose correctMkdir C:\Users\Saray\AppData\Roaming\npm-cache correctMkdir not in flight; initializing
142 silly resolveWithNewModule debug@2.0.0 checking installable status
143 silly cache add args [ 'debug@~2.0.0', null ]
144 verbose cache add spec debug@~2.0.0
145 silly cache add parsed spec Result {
145 silly cache add   raw: 'debug@~2.0.0',
145 silly cache add   scope: null,
145 silly cache add   escapedName: 'debug',
145 silly cache add   name: 'debug',
145 silly cache add   rawSpec: '~2.0.0',
145 silly cache add   spec: '>=2.0.0 <2.1.0',
145 silly cache add   type: 'range' }
146 silly addNamed debug@>=2.0.0 <2.1.0
147 verbose addNamed ">=2.0.0 <2.1.0" is a valid semver range for debug
148 silly addNameRange { name: 'debug', range: '>=2.0.0 <2.1.0', hasData: false }
149 silly mapToRegistry name debug
150 silly mapToRegistry using default registry
151 silly mapToRegistry registry https://registry.npmjs.org/
152 silly mapToRegistry data Result {
152 silly mapToRegistry   raw: 'debug',
152 silly mapToRegistry   scope: null,
152 silly mapToRegistry   escapedName: 'debug',
152 silly mapToRegistry   name: 'debug',
152 silly mapToRegistry   rawSpec: '',
152 silly mapToRegistry   spec: 'latest',
152 silly mapToRegistry   type: 'tag' }
153 silly mapToRegistry uri https://registry.npmjs.org/debug
154 verbose addNameRange registry:https://registry.npmjs.org/debug not in flight; fetching
155 verbose get https://registry.npmjs.org/debug not expired, no request
156 silly addNameRange number 2 { name: 'debug', range: '>=2.0.0 <2.1.0', hasData: true }
157 silly addNameRange versions [ 'debug',
157 silly addNameRange   [ '0.0.1',
157 silly addNameRange     '0.1.0',
157 silly addNameRange     '0.2.0',
157 silly addNameRange     '0.3.0',
157 silly addNameRange     '0.4.0',
157 silly addNameRange     '0.4.1',
157 silly addNameRange     '0.5.0',
157 silly addNameRange     '0.6.0',
157 silly addNameRange     '0.7.0',
157 silly addNameRange     '0.7.1',
157 silly addNameRange     '0.7.2',
157 silly addNameRange     '0.7.3',
157 silly addNameRange     '0.7.4',
157 silly addNameRange     '0.8.0',
157 silly addNameRange     '0.8.1',
157 silly addNameRange     '1.0.0',
157 silly addNameRange     '1.0.1',
157 silly addNameRange     '1.0.2',
157 silly addNameRange     '1.0.3',
157 silly addNameRange     '1.0.4',
157 silly addNameRange     '2.0.0',
157 silly addNameRange     '2.1.0',
157 silly addNameRange     '2.1.1',
157 silly addNameRange     '2.1.2',
157 silly addNameRange     '2.1.3',
157 silly addNameRange     '2.2.0',
157 silly addNameRange     '2.3.0',
157 silly addNameRange     '2.3.1',
157 silly addNameRange     '2.3.2',
157 silly addNameRange     '2.3.3',
157 silly addNameRange     '2.4.0',
157 silly addNameRange     '2.4.1',
157 silly addNameRange     '2.4.2',
157 silly addNameRange     '2.4.3',
157 silly addNameRange     '2.4.4',
157 silly addNameRange     '2.4.5',
157 silly addNameRange     '2.5.0',
157 silly addNameRange     '2.5.1',
157 silly addNameRange     '2.5.2',
157 silly addNameRange     '2.6.0',
157 silly addNameRange     '2.6.1',
157 silly addNameRange     '2.6.2',
157 silly addNameRange     '2.6.3',
157 silly addNameRange     '2.6.4',
157 silly addNameRange     '2.6.5',
157 silly addNameRange     '2.6.6',
157 silly addNameRange     '2.6.7',
157 silly addNameRange     '2.6.8',
157 silly addNameRange     '1.0.5' ] ]
158 silly addNamed debug@2.0.0
159 verbose addNamed "2.0.0" is a plain semver version for debug
160 silly mapToRegistry name debug
161 silly mapToRegistry using default registry
162 silly mapToRegistry registry https://registry.npmjs.org/
163 silly mapToRegistry data Result {
163 silly mapToRegistry   raw: 'debug',
163 silly mapToRegistry   scope: null,
163 silly mapToRegistry   escapedName: 'debug',
163 silly mapToRegistry   name: 'debug',
163 silly mapToRegistry   rawSpec: '',
163 silly mapToRegistry   spec: 'latest',
163 silly mapToRegistry   type: 'tag' }
164 silly mapToRegistry uri https://registry.npmjs.org/debug
165 verbose addRemoteTarball https://registry.npmjs.org/debug/-/debug-2.0.0.tgz not in flight; adding
166 verbose addRemoteTarball [ 'https://registry.npmjs.org/debug/-/debug-2.0.0.tgz',
166 verbose addRemoteTarball   '89bd9df6732b51256bc6705342bba02ed12131ef' ]
167 info retry fetch attempt 1 at 17:50:46
168 info attempt registry request try #1 at 17:50:46
169 http fetch GET https://registry.npmjs.org/debug/-/debug-2.0.0.tgz
170 http fetch 200 https://registry.npmjs.org/debug/-/debug-2.0.0.tgz
171 silly fetchAndShaCheck shasum 89bd9df6732b51256bc6705342bba02ed12131ef
172 verbose addTmpTarball C:\Users\Saray\AppData\Local\Temp\npm-7028-790eec1b\registry.npmjs.org\debug\-\debug-2.0.0.tgz not in flight; adding
173 verbose addTmpTarball already have metadata; skipping unpack for debug@2.0.0
174 verbose correctMkdir C:\Users\Saray\AppData\Roaming\npm-cache correctMkdir not in flight; initializing
175 silly cache afterAdd debug@2.0.0
176 verbose afterAdd C:\Users\Saray\AppData\Roaming\npm-cache\debug\2.0.0\package\package.json not in flight; writing
177 verbose correctMkdir C:\Users\Saray\AppData\Roaming\npm-cache correctMkdir not in flight; initializing
178 verbose afterAdd C:\Users\Saray\AppData\Roaming\npm-cache\debug\2.0.0\package\package.json written
179 silly fetchNamedPackageData ms
180 silly mapToRegistry name ms
181 silly mapToRegistry using default registry
182 silly mapToRegistry registry https://registry.npmjs.org/
183 silly mapToRegistry data Result {
183 silly mapToRegistry   raw: 'ms',
183 silly mapToRegistry   scope: null,
183 silly mapToRegistry   escapedName: 'ms',
183 silly mapToRegistry   name: 'ms',
183 silly mapToRegistry   rawSpec: '',
183 silly mapToRegistry   spec: 'latest',
183 silly mapToRegistry   type: 'tag' }
184 silly mapToRegistry uri https://registry.npmjs.org/ms
185 verbose request uri https://registry.npmjs.org/ms
186 verbose request no auth needed
187 info attempt registry request try #1 at 17:50:46
188 verbose etag W/"593c68d3-3bb0"
189 verbose lastModified Sat, 10 Jun 2017 21:46:59 GMT
190 http request GET https://registry.npmjs.org/ms
191 http 304 https://registry.npmjs.org/ms
192 verbose headers { date: 'Fri, 30 Jun 2017 15:54:40 GMT',
192 verbose headers   via: '1.1 varnish',
192 verbose headers   'cache-control': 'max-age=300',
192 verbose headers   etag: 'W/"593c68d3-3bb0"',
192 verbose headers   age: '70',
192 verbose headers   connection: 'keep-alive',
192 verbose headers   'x-served-by': 'cache-bma7033-BMA',
192 verbose headers   'x-cache': 'HIT',
192 verbose headers   'x-cache-hits': '1',
192 verbose headers   'x-timer': 'S1498838081.599711,VS0,VE0',
192 verbose headers   vary: 'Accept-Encoding' }
193 silly get cb [ 304,
193 silly get   { date: 'Fri, 30 Jun 2017 15:54:40 GMT',
193 silly get     via: '1.1 varnish',
193 silly get     'cache-control': 'max-age=300',
193 silly get     etag: 'W/"593c68d3-3bb0"',
193 silly get     age: '70',
193 silly get     connection: 'keep-alive',
193 silly get     'x-served-by': 'cache-bma7033-BMA',
193 silly get     'x-cache': 'HIT',
193 silly get     'x-cache-hits': '1',
193 silly get     'x-timer': 'S1498838081.599711,VS0,VE0',
193 silly get     vary: 'Accept-Encoding' } ]
194 verbose etag https://registry.npmjs.org/ms from cache
195 verbose get saving ms to C:\Users\Saray\AppData\Roaming\npm-cache\registry.npmjs.org\ms\.cache.json
196 verbose correctMkdir C:\Users\Saray\AppData\Roaming\npm-cache correctMkdir not in flight; initializing
197 silly resolveWithNewModule ms@0.6.2 checking installable status
198 silly cache add args [ 'ms@0.6.2', null ]
199 verbose cache add spec ms@0.6.2
200 silly cache add parsed spec Result {
200 silly cache add   raw: 'ms@0.6.2',
200 silly cache add   scope: null,
200 silly cache add   escapedName: 'ms',
200 silly cache add   name: 'ms',
200 silly cache add   rawSpec: '0.6.2',
200 silly cache add   spec: '0.6.2',
200 silly cache add   type: 'version' }
201 silly addNamed ms@0.6.2
202 verbose addNamed "0.6.2" is a plain semver version for ms
203 silly mapToRegistry name ms
204 silly mapToRegistry using default registry
205 silly mapToRegistry registry https://registry.npmjs.org/
206 silly mapToRegistry data Result {
206 silly mapToRegistry   raw: 'ms',
206 silly mapToRegistry   scope: null,
206 silly mapToRegistry   escapedName: 'ms',
206 silly mapToRegistry   name: 'ms',
206 silly mapToRegistry   rawSpec: '',
206 silly mapToRegistry   spec: 'latest',
206 silly mapToRegistry   type: 'tag' }
207 silly mapToRegistry uri https://registry.npmjs.org/ms
208 verbose addNameVersion registry:https://registry.npmjs.org/ms not in flight; fetching
209 verbose get https://registry.npmjs.org/ms not expired, no request
210 silly cache afterAdd ms@0.6.2
211 verbose afterAdd C:\Users\Saray\AppData\Roaming\npm-cache\ms\0.6.2\package\package.json not in flight; writing
212 verbose correctMkdir C:\Users\Saray\AppData\Roaming\npm-cache correctMkdir not in flight; initializing
213 verbose afterAdd C:\Users\Saray\AppData\Roaming\npm-cache\ms\0.6.2\package\package.json written
214 silly fetchNamedPackageData bindings
215 silly mapToRegistry name bindings
216 silly mapToRegistry using default registry
217 silly mapToRegistry registry https://registry.npmjs.org/
218 silly mapToRegistry data Result {
218 silly mapToRegistry   raw: 'bindings',
218 silly mapToRegistry   scope: null,
218 silly mapToRegistry   escapedName: 'bindings',
218 silly mapToRegistry   name: 'bindings',
218 silly mapToRegistry   rawSpec: '',
218 silly mapToRegistry   spec: 'latest',
218 silly mapToRegistry   type: 'tag' }
219 silly mapToRegistry uri https://registry.npmjs.org/bindings
220 silly fetchNamedPackageData nan
221 silly mapToRegistry name nan
222 silly mapToRegistry using default registry
223 silly mapToRegistry registry https://registry.npmjs.org/
224 silly mapToRegistry data Result {
224 silly mapToRegistry   raw: 'nan',
224 silly mapToRegistry   scope: null,
224 silly mapToRegistry   escapedName: 'nan',
224 silly mapToRegistry   name: 'nan',
224 silly mapToRegistry   rawSpec: '',
224 silly mapToRegistry   spec: 'latest',
224 silly mapToRegistry   type: 'tag' }
225 silly mapToRegistry uri https://registry.npmjs.org/nan
226 verbose request uri https://registry.npmjs.org/bindings
227 verbose request no auth needed
228 info attempt registry request try #1 at 17:50:46
229 verbose etag W/"59234f99-46bf"
230 verbose lastModified Mon, 22 May 2017 20:52:41 GMT
231 http request GET https://registry.npmjs.org/bindings
232 verbose request uri https://registry.npmjs.org/nan
233 verbose request no auth needed
234 info attempt registry request try #1 at 17:50:46
235 verbose etag W/"592dfb8f-1f9f8"
236 verbose lastModified Tue, 30 May 2017 23:09:03 GMT
237 http request GET https://registry.npmjs.org/nan
238 http 304 https://registry.npmjs.org/bindings
239 verbose headers { date: 'Fri, 30 Jun 2017 15:54:40 GMT',
239 verbose headers   via: '1.1 varnish',
239 verbose headers   'cache-control': 'max-age=300',
239 verbose headers   etag: 'W/"59234f99-46bf"',
239 verbose headers   age: '271',
239 verbose headers   connection: 'keep-alive',
239 verbose headers   'x-served-by': 'cache-bma7020-BMA',
239 verbose headers   'x-cache': 'HIT',
239 verbose headers   'x-cache-hits': '125',
239 verbose headers   'x-timer': 'S1498838081.817161,VS0,VE0',
239 verbose headers   vary: 'Accept-Encoding' }
240 silly get cb [ 304,
240 silly get   { date: 'Fri, 30 Jun 2017 15:54:40 GMT',
240 silly get     via: '1.1 varnish',
240 silly get     'cache-control': 'max-age=300',
240 silly get     etag: 'W/"59234f99-46bf"',
240 silly get     age: '271',
240 silly get     connection: 'keep-alive',
240 silly get     'x-served-by': 'cache-bma7020-BMA',
240 silly get     'x-cache': 'HIT',
240 silly get     'x-cache-hits': '125',
240 silly get     'x-timer': 'S1498838081.817161,VS0,VE0',
240 silly get     vary: 'Accept-Encoding' } ]
241 verbose etag https://registry.npmjs.org/bindings from cache
242 verbose get saving bindings to C:\Users\Saray\AppData\Roaming\npm-cache\registry.npmjs.org\bindings\.cache.json
243 verbose correctMkdir C:\Users\Saray\AppData\Roaming\npm-cache correctMkdir not in flight; initializing
244 silly resolveWithNewModule bindings@1.2.1 checking installable status
245 silly cache add args [ 'bindings@1.2.1', null ]
246 verbose cache add spec bindings@1.2.1
247 silly cache add parsed spec Result {
247 silly cache add   raw: 'bindings@1.2.1',
247 silly cache add   scope: null,
247 silly cache add   escapedName: 'bindings',
247 silly cache add   name: 'bindings',
247 silly cache add   rawSpec: '1.2.1',
247 silly cache add   spec: '1.2.1',
247 silly cache add   type: 'version' }
248 silly addNamed bindings@1.2.1
249 verbose addNamed "1.2.1" is a plain semver version for bindings
250 silly mapToRegistry name bindings
251 silly mapToRegistry using default registry
252 silly mapToRegistry registry https://registry.npmjs.org/
253 silly mapToRegistry data Result {
253 silly mapToRegistry   raw: 'bindings',
253 silly mapToRegistry   scope: null,
253 silly mapToRegistry   escapedName: 'bindings',
253 silly mapToRegistry   name: 'bindings',
253 silly mapToRegistry   rawSpec: '',
253 silly mapToRegistry   spec: 'latest',
253 silly mapToRegistry   type: 'tag' }
254 silly mapToRegistry uri https://registry.npmjs.org/bindings
255 verbose addNameVersion registry:https://registry.npmjs.org/bindings not in flight; fetching
256 verbose get https://registry.npmjs.org/bindings not expired, no request
257 http 304 https://registry.npmjs.org/nan
258 verbose headers { date: 'Fri, 30 Jun 2017 15:54:40 GMT',
258 verbose headers   via: '1.1 varnish',
258 verbose headers   'cache-control': 'max-age=300',
258 verbose headers   etag: 'W/"592dfb8f-1f9f8"',
258 verbose headers   age: '58',
258 verbose headers   connection: 'keep-alive',
258 verbose headers   'x-served-by': 'cache-bma7033-BMA',
258 verbose headers   'x-cache': 'HIT',
258 verbose headers   'x-cache-hits': '1',
258 verbose headers   'x-timer': 'S1498838081.842422,VS0,VE0',
258 verbose headers   vary: 'Accept-Encoding' }
259 silly get cb [ 304,
259 silly get   { date: 'Fri, 30 Jun 2017 15:54:40 GMT',
259 silly get     via: '1.1 varnish',
259 silly get     'cache-control': 'max-age=300',
259 silly get     etag: 'W/"592dfb8f-1f9f8"',
259 silly get     age: '58',
259 silly get     connection: 'keep-alive',
259 silly get     'x-served-by': 'cache-bma7033-BMA',
259 silly get     'x-cache': 'HIT',
259 silly get     'x-cache-hits': '1',
259 silly get     'x-timer': 'S1498838081.842422,VS0,VE0',
259 silly get     vary: 'Accept-Encoding' } ]
260 verbose etag https://registry.npmjs.org/nan from cache
261 verbose get saving nan to C:\Users\Saray\AppData\Roaming\npm-cache\registry.npmjs.org\nan\.cache.json
262 verbose correctMkdir C:\Users\Saray\AppData\Roaming\npm-cache correctMkdir not in flight; initializing
263 silly cache afterAdd bindings@1.2.1
264 verbose afterAdd C:\Users\Saray\AppData\Roaming\npm-cache\bindings\1.2.1\package\package.json not in flight; writing
265 verbose correctMkdir C:\Users\Saray\AppData\Roaming\npm-cache correctMkdir not in flight; initializing
266 verbose afterAdd C:\Users\Saray\AppData\Roaming\npm-cache\bindings\1.2.1\package\package.json written
267 silly resolveWithNewModule nan@1.3.0 checking installable status
268 silly cache add args [ 'nan@1.3.0', null ]
269 verbose cache add spec nan@1.3.0
270 silly cache add parsed spec Result {
270 silly cache add   raw: 'nan@1.3.0',
270 silly cache add   scope: null,
270 silly cache add   escapedName: 'nan',
270 silly cache add   name: 'nan',
270 silly cache add   rawSpec: '1.3.0',
270 silly cache add   spec: '1.3.0',
270 silly cache add   type: 'version' }
271 silly addNamed nan@1.3.0
272 verbose addNamed "1.3.0" is a plain semver version for nan
273 silly mapToRegistry name nan
274 silly mapToRegistry using default registry
275 silly mapToRegistry registry https://registry.npmjs.org/
276 silly mapToRegistry data Result {
276 silly mapToRegistry   raw: 'nan',
276 silly mapToRegistry   scope: null,
276 silly mapToRegistry   escapedName: 'nan',
276 silly mapToRegistry   name: 'nan',
276 silly mapToRegistry   rawSpec: '',
276 silly mapToRegistry   spec: 'latest',
276 silly mapToRegistry   type: 'tag' }
277 silly mapToRegistry uri https://registry.npmjs.org/nan
278 verbose addNameVersion registry:https://registry.npmjs.org/nan not in flight; fetching
279 verbose get https://registry.npmjs.org/nan not expired, no request
280 silly mapToRegistry name nan
281 silly mapToRegistry using default registry
282 silly mapToRegistry registry https://registry.npmjs.org/
283 silly mapToRegistry data Result {
283 silly mapToRegistry   raw: 'nan',
283 silly mapToRegistry   scope: null,
283 silly mapToRegistry   escapedName: 'nan',
283 silly mapToRegistry   name: 'nan',
283 silly mapToRegistry   rawSpec: '',
283 silly mapToRegistry   spec: 'latest',
283 silly mapToRegistry   type: 'tag' }
284 silly mapToRegistry uri https://registry.npmjs.org/nan
285 verbose addRemoteTarball https://registry.npmjs.org/nan/-/nan-1.3.0.tgz not in flight; adding
286 verbose addRemoteTarball [ 'https://registry.npmjs.org/nan/-/nan-1.3.0.tgz',
286 verbose addRemoteTarball   '9a5b8d5ef97a10df3050e59b2c362d3baf779742' ]
287 info retry fetch attempt 1 at 17:50:46
288 info attempt registry request try #1 at 17:50:46
289 http fetch GET https://registry.npmjs.org/nan/-/nan-1.3.0.tgz
290 http fetch 200 https://registry.npmjs.org/nan/-/nan-1.3.0.tgz
291 silly fetchAndShaCheck shasum 9a5b8d5ef97a10df3050e59b2c362d3baf779742
292 verbose addTmpTarball C:\Users\Saray\AppData\Local\Temp\npm-7028-790eec1b\registry.npmjs.org\nan\-\nan-1.3.0.tgz not in flight; adding
293 verbose addTmpTarball already have metadata; skipping unpack for nan@1.3.0
294 verbose correctMkdir C:\Users\Saray\AppData\Roaming\npm-cache correctMkdir not in flight; initializing
295 silly cache afterAdd nan@1.3.0
296 verbose afterAdd C:\Users\Saray\AppData\Roaming\npm-cache\nan\1.3.0\package\package.json not in flight; writing
297 verbose correctMkdir C:\Users\Saray\AppData\Roaming\npm-cache correctMkdir not in flight; initializing
298 verbose afterAdd C:\Users\Saray\AppData\Roaming\npm-cache\nan\1.3.0\package\package.json written
299 silly loadAllDepsIntoIdealTree Finishing
300 silly loadIdealTree Finishing
301 silly currentTree npm
302 silly idealTree npm
302 silly idealTree `-- ab@1.0.0
302 silly idealTree   +-- bindings@1.2.1
302 silly idealTree   +-- debug@2.0.0
302 silly idealTree   +-- microtime@1.0.1
302 silly idealTree   +-- ms@0.6.2
302 silly idealTree   `-- nan@1.3.0
303 silly generateActionsToTake Starting
304 silly install generateActionsToTake
305 silly generateActionsToTake Finishing
306 silly diffTrees action count 6
307 silly diffTrees add bindings@1.2.1
308 silly diffTrees add ms@0.6.2
309 silly diffTrees add nan@1.3.0
310 silly diffTrees add debug@2.0.0
311 silly diffTrees add microtime@1.0.1
312 silly diffTrees add ab@1.0.0
313 silly decomposeActions action count 48
314 silly decomposeActions fetch bindings@1.2.1
315 silly decomposeActions extract bindings@1.2.1
316 silly decomposeActions test bindings@1.2.1
317 silly decomposeActions preinstall bindings@1.2.1
318 silly decomposeActions build bindings@1.2.1
319 silly decomposeActions install bindings@1.2.1
320 silly decomposeActions postinstall bindings@1.2.1
321 silly decomposeActions finalize bindings@1.2.1
322 silly decomposeActions fetch ms@0.6.2
323 silly decomposeActions extract ms@0.6.2
324 silly decomposeActions test ms@0.6.2
325 silly decomposeActions preinstall ms@0.6.2
326 silly decomposeActions build ms@0.6.2
327 silly decomposeActions install ms@0.6.2
328 silly decomposeActions postinstall ms@0.6.2
329 silly decomposeActions finalize ms@0.6.2
330 silly decomposeActions fetch nan@1.3.0
331 silly decomposeActions extract nan@1.3.0
332 silly decomposeActions test nan@1.3.0
333 silly decomposeActions preinstall nan@1.3.0
334 silly decomposeActions build nan@1.3.0
335 silly decomposeActions install nan@1.3.0
336 silly decomposeActions postinstall nan@1.3.0
337 silly decomposeActions finalize nan@1.3.0
338 silly decomposeActions fetch debug@2.0.0
339 silly decomposeActions extract debug@2.0.0
340 silly decomposeActions test debug@2.0.0
341 silly decomposeActions preinstall debug@2.0.0
342 silly decomposeActions build debug@2.0.0
343 silly decomposeActions install debug@2.0.0
344 silly decomposeActions postinstall debug@2.0.0
345 silly decomposeActions finalize debug@2.0.0
346 silly decomposeActions fetch microtime@1.0.1
347 silly decomposeActions extract microtime@1.0.1
348 silly decomposeActions test microtime@1.0.1
349 silly decomposeActions preinstall microtime@1.0.1
350 silly decomposeActions build microtime@1.0.1
351 silly decomposeActions install microtime@1.0.1
352 silly decomposeActions postinstall microtime@1.0.1
353 silly decomposeActions finalize microtime@1.0.1
354 silly decomposeActions fetch ab@1.0.0
355 silly decomposeActions extract ab@1.0.0
356 silly decomposeActions test ab@1.0.0
357 silly decomposeActions preinstall ab@1.0.0
358 silly decomposeActions build ab@1.0.0
359 silly decomposeActions install ab@1.0.0
360 silly decomposeActions postinstall ab@1.0.0
361 silly decomposeActions finalize ab@1.0.0
362 silly runTopLevelLifecycles Starting
363 silly executeActions Starting
364 silly install executeActions
365 silly doSerial global-install 0
366 silly doParallel fetch 6
367 verbose correctMkdir C:\Users\Saray\AppData\Roaming\npm-cache\_locks correctMkdir not in flight; initializing
368 verbose lock using C:\Users\Saray\AppData\Roaming\npm-cache\_locks\staging-502e357970891fbb.lock for C:\Users\Saray\AppData\Roaming\npm\node_modules\.staging
369 silly doParallel extract 6
370 silly extract bindings@1.2.1
371 silly extract ms@0.6.2
372 silly extract nan@1.3.0
373 silly extract debug@2.0.0
374 silly extract microtime@1.0.1
375 silly extract ab@1.0.0
376 verbose unbuild node_modules\.staging\bindings-db413c03
377 verbose unbuild node_modules\.staging\ms-6a0f90f3
378 verbose unbuild node_modules\.staging\microtime-16145de2
379 verbose unbuild node_modules\.staging\nan-9e1dbfc6
380 verbose unbuild node_modules\.staging\debug-d7504a7b
381 verbose unbuild node_modules\.staging\ab-80179ce8
382 silly gentlyRm C:\Users\Saray\AppData\Roaming\npm\node_modules\.staging\bindings-db413c03 is being purged from base C:\Users\Saray\AppData\Roaming\npm
383 verbose gentlyRm don't care about contents; nuking C:\Users\Saray\AppData\Roaming\npm\node_modules\.staging\bindings-db413c03
384 silly gentlyRm C:\Users\Saray\AppData\Roaming\npm\node_modules\.staging\ms-6a0f90f3 is being purged from base C:\Users\Saray\AppData\Roaming\npm
385 verbose gentlyRm don't care about contents; nuking C:\Users\Saray\AppData\Roaming\npm\node_modules\.staging\ms-6a0f90f3
386 silly gentlyRm C:\Users\Saray\AppData\Roaming\npm\node_modules\.staging\microtime-16145de2 is being purged from base C:\Users\Saray\AppData\Roaming\npm
387 verbose gentlyRm don't care about contents; nuking C:\Users\Saray\AppData\Roaming\npm\node_modules\.staging\microtime-16145de2
388 silly gentlyRm C:\Users\Saray\AppData\Roaming\npm\node_modules\.staging\nan-9e1dbfc6 is being purged from base C:\Users\Saray\AppData\Roaming\npm
389 verbose gentlyRm don't care about contents; nuking C:\Users\Saray\AppData\Roaming\npm\node_modules\.staging\nan-9e1dbfc6
390 silly gentlyRm C:\Users\Saray\AppData\Roaming\npm\node_modules\.staging\debug-d7504a7b is being purged from base C:\Users\Saray\AppData\Roaming\npm
391 verbose gentlyRm don't care about contents; nuking C:\Users\Saray\AppData\Roaming\npm\node_modules\.staging\debug-d7504a7b
392 verbose tar unpack C:\Users\Saray\AppData\Roaming\npm-cache\bindings\1.2.1\package.tgz
393 verbose tar unpacking to C:\Users\Saray\AppData\Roaming\npm\node_modules\.staging\bindings-db413c03
394 silly gentlyRm C:\Users\Saray\AppData\Roaming\npm\node_modules\.staging\bindings-db413c03 is being purged
395 verbose gentlyRm don't care about contents; nuking C:\Users\Saray\AppData\Roaming\npm\node_modules\.staging\bindings-db413c03
396 verbose tar unpack C:\Users\Saray\AppData\Roaming\npm-cache\ms\0.6.2\package.tgz
397 verbose tar unpacking to C:\Users\Saray\AppData\Roaming\npm\node_modules\.staging\ms-6a0f90f3
398 silly gentlyRm C:\Users\Saray\AppData\Roaming\npm\node_modules\.staging\ms-6a0f90f3 is being purged
399 verbose gentlyRm don't care about contents; nuking C:\Users\Saray\AppData\Roaming\npm\node_modules\.staging\ms-6a0f90f3
400 verbose tar unpack C:\Users\Saray\AppData\Roaming\npm-cache\microtime\1.0.1\package.tgz
401 verbose tar unpacking to C:\Users\Saray\AppData\Roaming\npm\node_modules\.staging\microtime-16145de2
402 silly gentlyRm C:\Users\Saray\AppData\Roaming\npm\node_modules\.staging\microtime-16145de2 is being purged
403 verbose gentlyRm don't care about contents; nuking C:\Users\Saray\AppData\Roaming\npm\node_modules\.staging\microtime-16145de2
404 verbose tar unpack C:\Users\Saray\AppData\Roaming\npm-cache\nan\1.3.0\package.tgz
405 verbose tar unpacking to C:\Users\Saray\AppData\Roaming\npm\node_modules\.staging\nan-9e1dbfc6
406 silly gentlyRm C:\Users\Saray\AppData\Roaming\npm\node_modules\.staging\nan-9e1dbfc6 is being purged
407 verbose gentlyRm don't care about contents; nuking C:\Users\Saray\AppData\Roaming\npm\node_modules\.staging\nan-9e1dbfc6
408 silly gentlyRm C:\Users\Saray\AppData\Roaming\npm\node_modules\.staging\ab-80179ce8 is being purged from base C:\Users\Saray\AppData\Roaming\npm
409 verbose gentlyRm don't care about contents; nuking C:\Users\Saray\AppData\Roaming\npm\node_modules\.staging\ab-80179ce8
410 verbose tar unpack C:\Users\Saray\AppData\Roaming\npm-cache\debug\2.0.0\package.tgz
411 verbose tar unpacking to C:\Users\Saray\AppData\Roaming\npm\node_modules\.staging\debug-d7504a7b
412 silly gentlyRm C:\Users\Saray\AppData\Roaming\npm\node_modules\.staging\debug-d7504a7b is being purged
413 verbose gentlyRm don't care about contents; nuking C:\Users\Saray\AppData\Roaming\npm\node_modules\.staging\debug-d7504a7b
414 silly gunzTarPerm modes [ '777', '666' ]
415 silly gunzTarPerm modes [ '777', '666' ]
416 silly gunzTarPerm modes [ '777', '666' ]
417 silly gunzTarPerm modes [ '777', '666' ]
418 verbose tar unpack C:\Users\Saray\AppData\Roaming\npm-cache\ab\1.0.0\package.tgz
419 verbose tar unpacking to C:\Users\Saray\AppData\Roaming\npm\node_modules\.staging\ab-80179ce8
420 silly gentlyRm C:\Users\Saray\AppData\Roaming\npm\node_modules\.staging\ab-80179ce8 is being purged
421 verbose gentlyRm don't care about contents; nuking C:\Users\Saray\AppData\Roaming\npm\node_modules\.staging\ab-80179ce8
422 silly gunzTarPerm modes [ '777', '666' ]
423 silly gunzTarPerm modes [ '777', '666' ]
424 silly gunzTarPerm extractEntry package.json
425 silly gunzTarPerm modified mode [ 'package.json', 420, 438 ]
426 silly gunzTarPerm extractEntry package.json
427 silly gunzTarPerm modified mode [ 'package.json', 420, 438 ]
428 silly gunzTarPerm extractEntry package.json
429 silly gunzTarPerm modified mode [ 'package.json', 420, 438 ]
430 silly gunzTarPerm extractEntry package.json
431 silly gunzTarPerm modified mode [ 'package.json', 436, 438 ]
432 silly gunzTarPerm extractEntry package.json
433 silly gunzTarPerm modified mode [ 'package.json', 420, 438 ]
434 silly gunzTarPerm extractEntry package.json
435 silly gunzTarPerm modified mode [ 'package.json', 420, 438 ]
436 silly gunzTarPerm extractEntry README.md
437 silly gunzTarPerm modified mode [ 'README.md', 420, 438 ]
438 silly gunzTarPerm extractEntry bindings.js
439 silly gunzTarPerm modified mode [ 'bindings.js', 420, 438 ]
440 silly gunzTarPerm extractEntry .npmignore
441 silly gunzTarPerm modified mode [ '.npmignore', 420, 438 ]
442 silly gunzTarPerm extractEntry README.md
443 silly gunzTarPerm modified mode [ 'README.md', 420, 438 ]
444 silly gunzTarPerm extractEntry .npmignore
445 silly gunzTarPerm modified mode [ '.npmignore', 420, 438 ]
446 silly gunzTarPerm extractEntry README.md
447 silly gunzTarPerm modified mode [ 'README.md', 420, 438 ]
448 silly gunzTarPerm extractEntry README.md
449 silly gunzTarPerm modified mode [ 'README.md', 436, 438 ]
450 silly gunzTarPerm extractEntry LICENSE
451 silly gunzTarPerm modified mode [ 'LICENSE', 436, 438 ]
452 silly gunzTarPerm extractEntry .npmignore
453 silly gunzTarPerm modified mode [ '.npmignore', 420, 438 ]
454 silly gunzTarPerm extractEntry browser.js
455 silly gunzTarPerm modified mode [ 'browser.js', 420, 438 ]
456 silly gunzTarPerm extractEntry .npmignore
457 silly gunzTarPerm modified mode [ '.npmignore', 420, 438 ]
458 silly gunzTarPerm extractEntry README.md
459 silly gunzTarPerm modified mode [ 'README.md', 420, 438 ]
460 silly gunzTarPerm extractEntry LICENSE
461 silly gunzTarPerm modified mode [ 'LICENSE', 420, 438 ]
462 silly gunzTarPerm extractEntry index.js
463 silly gunzTarPerm modified mode [ 'index.js', 420, 438 ]
464 silly gunzTarPerm extractEntry index.js
465 silly gunzTarPerm modified mode [ 'index.js', 420, 438 ]
466 silly gunzTarPerm extractEntry include_dirs.js
467 silly gunzTarPerm modified mode [ 'include_dirs.js', 436, 438 ]
468 silly gunzTarPerm extractEntry CHANGELOG.md
469 silly gunzTarPerm modified mode [ 'CHANGELOG.md', 436, 438 ]
470 silly gunzTarPerm extractEntry .dntrc
471 silly gunzTarPerm modified mode [ '.dntrc', 436, 438 ]
472 silly gunzTarPerm extractEntry debug.js
473 silly gunzTarPerm modified mode [ 'debug.js', 420, 438 ]
474 silly gunzTarPerm extractEntry node.js
475 silly gunzTarPerm modified mode [ 'node.js', 420, 438 ]
476 silly gunzTarPerm extractEntry index.js
477 silly gunzTarPerm modified mode [ 'index.js', 420, 438 ]
478 silly gunzTarPerm extractEntry History.md
479 silly gunzTarPerm modified mode [ 'History.md', 420, 438 ]
480 silly gunzTarPerm extractEntry nan.h
481 silly gunzTarPerm modified mode [ 'nan.h', 436, 438 ]
482 silly gunzTarPerm extractEntry appveyor.yml
483 silly gunzTarPerm modified mode [ 'appveyor.yml', 436, 438 ]
484 silly gunzTarPerm extractEntry test.js
485 silly gunzTarPerm modified mode [ 'test.js', 420, 438 ]
486 silly gunzTarPerm extractEntry .travis.yml
487 silly gunzTarPerm modified mode [ '.travis.yml', 420, 438 ]
488 silly gunzTarPerm extractEntry Readme.md
489 silly gunzTarPerm modified mode [ 'Readme.md', 420, 438 ]
490 silly gunzTarPerm extractEntry .jshintrc
491 silly gunzTarPerm modified mode [ '.jshintrc', 420, 438 ]
492 silly gunzTarPerm extractEntry History.md
493 silly gunzTarPerm modified mode [ 'History.md', 420, 438 ]
494 silly gunzTarPerm extractEntry Makefile
495 silly gunzTarPerm modified mode [ 'Makefile', 420, 438 ]
496 silly gunzTarPerm extractEntry component.json
497 silly gunzTarPerm modified mode [ 'component.json', 420, 438 ]
498 silly gunzTarPerm extractEntry LICENSE.txt
499 silly gunzTarPerm modified mode [ 'LICENSE.txt', 420, 438 ]
500 silly gunzTarPerm extractEntry example/dns.js
501 silly gunzTarPerm modified mode [ 'example/dns.js', 420, 438 ]
502 silly gunzTarPerm extractEntry binding.gyp
503 silly gunzTarPerm modified mode [ 'binding.gyp', 420, 438 ]
504 silly gunzTarPerm extractEntry src/microtime.cc
505 silly gunzTarPerm modified mode [ 'src/microtime.cc', 420, 438 ]
506 silly gunzTarPerm extractEntry example/fs-report.js
507 silly gunzTarPerm modified mode [ 'example/fs-report.js', 420, 438 ]
508 silly gunzTarPerm extractEntry example/fs.js
509 silly gunzTarPerm modified mode [ 'example/fs.js', 420, 438 ]
510 silly gunzTarPerm extractEntry lib/ab.js
511 silly gunzTarPerm modified mode [ 'lib/ab.js', 420, 438 ]
512 silly gunzTarPerm extractEntry lib/tpl/head.txt
513 silly gunzTarPerm modified mode [ 'lib/tpl/head.txt', 420, 438 ]
514 silly gunzTarPerm extractEntry lib/tpl/report.txt
515 silly gunzTarPerm modified mode [ 'lib/tpl/report.txt', 420, 438 ]
516 silly gunzTarPerm extractEntry AUTHORS
517 silly gunzTarPerm modified mode [ 'AUTHORS', 420, 438 ]
518 silly gentlyRm C:\Users\Saray\AppData\Roaming\npm\node_modules\.staging\bindings-db413c03\node_modules is being purged
519 verbose gentlyRm don't care about contents; nuking C:\Users\Saray\AppData\Roaming\npm\node_modules\.staging\bindings-db413c03\node_modules
520 silly gentlyRm C:\Users\Saray\AppData\Roaming\npm\node_modules\.staging\ms-6a0f90f3\node_modules is being purged
521 verbose gentlyRm don't care about contents; nuking C:\Users\Saray\AppData\Roaming\npm\node_modules\.staging\ms-6a0f90f3\node_modules
522 silly gentlyRm C:\Users\Saray\AppData\Roaming\npm\node_modules\.staging\microtime-16145de2\node_modules is being purged
523 verbose gentlyRm don't care about contents; nuking C:\Users\Saray\AppData\Roaming\npm\node_modules\.staging\microtime-16145de2\node_modules
524 silly gentlyRm C:\Users\Saray\AppData\Roaming\npm\node_modules\.staging\debug-d7504a7b\node_modules is being purged
525 verbose gentlyRm don't care about contents; nuking C:\Users\Saray\AppData\Roaming\npm\node_modules\.staging\debug-d7504a7b\node_modules
526 silly gentlyRm C:\Users\Saray\AppData\Roaming\npm\node_modules\.staging\nan-9e1dbfc6\node_modules is being purged
527 verbose gentlyRm don't care about contents; nuking C:\Users\Saray\AppData\Roaming\npm\node_modules\.staging\nan-9e1dbfc6\node_modules
528 silly gentlyRm C:\Users\Saray\AppData\Roaming\npm\node_modules\.staging\ab-80179ce8\node_modules is being purged
529 verbose gentlyRm don't care about contents; nuking C:\Users\Saray\AppData\Roaming\npm\node_modules\.staging\ab-80179ce8\node_modules
530 silly doParallel preinstall 6
531 silly preinstall bindings@1.2.1 C:\Users\Saray\AppData\Roaming\npm\node_modules\.staging\bindings-db413c03
532 info lifecycle bindings@1.2.1~preinstall: bindings@1.2.1
533 silly preinstall ms@0.6.2 C:\Users\Saray\AppData\Roaming\npm\node_modules\.staging\ms-6a0f90f3
534 info lifecycle ms@0.6.2~preinstall: ms@0.6.2
535 silly preinstall nan@1.3.0 C:\Users\Saray\AppData\Roaming\npm\node_modules\.staging\nan-9e1dbfc6
536 info lifecycle nan@1.3.0~preinstall: nan@1.3.0
537 silly preinstall debug@2.0.0 C:\Users\Saray\AppData\Roaming\npm\node_modules\.staging\debug-d7504a7b
538 info lifecycle debug@2.0.0~preinstall: debug@2.0.0
539 silly preinstall microtime@1.0.1 C:\Users\Saray\AppData\Roaming\npm\node_modules\.staging\microtime-16145de2
540 info lifecycle microtime@1.0.1~preinstall: microtime@1.0.1
541 silly preinstall ab@1.0.0 C:\Users\Saray\AppData\Roaming\npm\node_modules\.staging\ab-80179ce8
542 info lifecycle ab@1.0.0~preinstall: ab@1.0.0
543 silly lifecycle bindings@1.2.1~preinstall: no script for preinstall, continuing
544 silly lifecycle ms@0.6.2~preinstall: no script for preinstall, continuing
545 silly lifecycle nan@1.3.0~preinstall: no script for preinstall, continuing
546 silly lifecycle debug@2.0.0~preinstall: no script for preinstall, continuing
547 silly lifecycle microtime@1.0.1~preinstall: no script for preinstall, continuing
548 silly lifecycle ab@1.0.0~preinstall: no script for preinstall, continuing
549 silly doReverseSerial remove 0
550 silly doSerial move 0
551 silly doSerial finalize 6
552 silly finalize C:\Users\Saray\AppData\Roaming\npm\node_modules\ab\node_modules\bindings
553 silly finalize C:\Users\Saray\AppData\Roaming\npm\node_modules\ab\node_modules\ms
554 silly finalize C:\Users\Saray\AppData\Roaming\npm\node_modules\ab\node_modules\nan
555 silly finalize C:\Users\Saray\AppData\Roaming\npm\node_modules\ab\node_modules\debug
556 silly finalize C:\Users\Saray\AppData\Roaming\npm\node_modules\ab\node_modules\microtime
557 silly finalize C:\Users\Saray\AppData\Roaming\npm\node_modules\ab
558 silly doSerial build 6
559 silly build bindings@1.2.1
560 info linkStuff bindings@1.2.1
561 silly linkStuff bindings@1.2.1 has C:\Users\Saray\AppData\Roaming\npm\node_modules\ab\node_modules as its parent node_modules
562 silly linkStuff bindings@1.2.1 is part of a global install
563 silly linkStuff bindings@1.2.1 is installed into a global node_modules
564 verbose linkBins bindings@1.2.1
565 verbose linkMans bindings@1.2.1
566 silly build ms@0.6.2
567 info linkStuff ms@0.6.2
568 silly linkStuff ms@0.6.2 has C:\Users\Saray\AppData\Roaming\npm\node_modules\ab\node_modules as its parent node_modules
569 silly linkStuff ms@0.6.2 is part of a global install
570 silly linkStuff ms@0.6.2 is installed into a global node_modules
571 verbose linkBins ms@0.6.2
572 verbose linkMans ms@0.6.2
573 silly build nan@1.3.0
574 info linkStuff nan@1.3.0
575 silly linkStuff nan@1.3.0 has C:\Users\Saray\AppData\Roaming\npm\node_modules\ab\node_modules as its parent node_modules
576 silly linkStuff nan@1.3.0 is part of a global install
577 silly linkStuff nan@1.3.0 is installed into a global node_modules
578 verbose linkBins nan@1.3.0
579 verbose linkMans nan@1.3.0
580 silly build debug@2.0.0
581 info linkStuff debug@2.0.0
582 silly linkStuff debug@2.0.0 has C:\Users\Saray\AppData\Roaming\npm\node_modules\ab\node_modules as its parent node_modules
583 silly linkStuff debug@2.0.0 is part of a global install
584 silly linkStuff debug@2.0.0 is installed into a global node_modules
585 verbose linkBins debug@2.0.0
586 verbose linkMans debug@2.0.0
587 silly build microtime@1.0.1
588 info linkStuff microtime@1.0.1
589 silly linkStuff microtime@1.0.1 has C:\Users\Saray\AppData\Roaming\npm\node_modules\ab\node_modules as its parent node_modules
590 silly linkStuff microtime@1.0.1 is part of a global install
591 silly linkStuff microtime@1.0.1 is installed into a global node_modules
592 verbose linkBins microtime@1.0.1
593 verbose linkMans microtime@1.0.1
594 silly build ab@1.0.0
595 info linkStuff ab@1.0.0
596 silly linkStuff ab@1.0.0 has C:\Users\Saray\AppData\Roaming\npm\node_modules as its parent node_modules
597 silly linkStuff ab@1.0.0 is part of a global install
598 silly linkStuff ab@1.0.0 is installed into a global node_modules
599 silly linkStuff ab@1.0.0 is installed into the top-level global node_modules
600 verbose linkBins ab@1.0.0
601 verbose linkMans ab@1.0.0
602 silly doSerial global-link 0
603 silly doParallel update-linked 0
604 silly doSerial install 6
605 silly install bindings@1.2.1 C:\Users\Saray\AppData\Roaming\npm\node_modules\.staging\bindings-db413c03
606 info lifecycle bindings@1.2.1~install: bindings@1.2.1
607 silly lifecycle bindings@1.2.1~install: no script for install, continuing
608 silly install ms@0.6.2 C:\Users\Saray\AppData\Roaming\npm\node_modules\.staging\ms-6a0f90f3
609 info lifecycle ms@0.6.2~install: ms@0.6.2
610 silly lifecycle ms@0.6.2~install: no script for install, continuing
611 silly install nan@1.3.0 C:\Users\Saray\AppData\Roaming\npm\node_modules\.staging\nan-9e1dbfc6
612 info lifecycle nan@1.3.0~install: nan@1.3.0
613 silly lifecycle nan@1.3.0~install: no script for install, continuing
614 silly install debug@2.0.0 C:\Users\Saray\AppData\Roaming\npm\node_modules\.staging\debug-d7504a7b
615 info lifecycle debug@2.0.0~install: debug@2.0.0
616 silly lifecycle debug@2.0.0~install: no script for install, continuing
617 silly install microtime@1.0.1 C:\Users\Saray\AppData\Roaming\npm\node_modules\.staging\microtime-16145de2
618 info lifecycle microtime@1.0.1~install: microtime@1.0.1
619 verbose lifecycle microtime@1.0.1~install: unsafe-perm in lifecycle true
620 verbose lifecycle microtime@1.0.1~install: PATH: C:\Users\Saray\AppData\Roaming\npm\node_modules\npm\bin\node-gyp-bin;C:\Users\Saray\AppData\Roaming\npm\node_modules\ab\node_modules\microtime\node_modules\.bin;C:\Users\Saray\AppData\Roaming\npm\node_modules\ab\node_modules\.bin;C:\Users\Saray\AppData\Roaming\npm\node_modules\.bin;C:\Users\Saray\bin;C:\Program Files\Git\mingw64\bin;C:\Program Files\Git\usr\local\bin;C:\Program Files\Git\usr\bin;C:\Program Files\Git\usr\bin;C:\Program Files\Git\mingw64\bin;C:\Program Files\Git\usr\bin;C:\Users\Saray\bin;C:\Program Files (x86)\Skype\Phone;C:\Program Files\Sublime Text 3;C:\Program Files\nodejs;C:\Users\Saray\AppData\Roaming\npm;C:\Program Files\MongoDB\Server\3.4\bin;C:\Windows\System32;C:\Users\Saray\AppData\Local\atom;C:\Program Files\Git\usr\bin\vendor_perl;C:\Program Files\Git\usr\bin\core_perl
621 verbose lifecycle microtime@1.0.1~install: CWD: C:\Users\Saray\AppData\Roaming\npm\node_modules\ab\node_modules\microtime
622 silly lifecycle microtime@1.0.1~install: Args: [ '/d /s /c', 'node-gyp rebuild' ]
623 silly lifecycle microtime@1.0.1~install: Returned: code: 1  signal: null
624 info lifecycle microtime@1.0.1~install: Failed to exec install script
625 verbose unlock done using C:\Users\Saray\AppData\Roaming\npm-cache\_locks\staging-502e357970891fbb.lock for C:\Users\Saray\AppData\Roaming\npm\node_modules\.staging
626 silly rollbackFailedOptional Starting
627 silly rollbackFailedOptional Finishing
628 silly runTopLevelLifecycles Finishing
629 silly install printInstalled
630 verbose stack Error: microtime@1.0.1 install: `node-gyp rebuild`
630 verbose stack Exit status 1
630 verbose stack     at EventEmitter.<anonymous> (C:\Users\Saray\AppData\Roaming\npm\node_modules\npm\lib\utils\lifecycle.js:255:16)
630 verbose stack     at emitTwo (events.js:106:13)
630 verbose stack     at EventEmitter.emit (events.js:191:7)
630 verbose stack     at ChildProcess.<anonymous> (C:\Users\Saray\AppData\Roaming\npm\node_modules\npm\lib\utils\spawn.js:40:14)
630 verbose stack     at emitTwo (events.js:106:13)
630 verbose stack     at ChildProcess.emit (events.js:191:7)
630 verbose stack     at maybeClose (internal/child_process.js:877:16)
630 verbose stack     at Process.ChildProcess._handle.onexit (internal/child_process.js:226:5)
631 verbose pkgid microtime@1.0.1
632 verbose cwd C:\Users\Saray\projects\react
633 error Windows_NT 6.1.7601
634 error argv "C:\\Program Files\\nodejs\\node.exe" "C:\\Users\\Saray\\AppData\\Roaming\\npm\\node_modules\\npm\\bin\\npm-cli.js" "install" "ab" "-g"
635 error node v6.9.1
636 error npm  v3.10.8
637 error code ELIFECYCLE
638 error microtime@1.0.1 install: `node-gyp rebuild`
638 error Exit status 1
639 error Failed at the microtime@1.0.1 install script 'node-gyp rebuild'.
639 error Make sure you have the latest version of node.js and npm installed.
639 error If you do, this is most likely a problem with the microtime package,
639 error not with npm itself.
639 error Tell the author that this fails on your system:
639 error     node-gyp rebuild
639 error You can get information on how to open an issue for this project with:
639 error     npm bugs microtime
639 error Or if that isn't available, you can get their info via:
639 error     npm owner ls microtime
639 error There is likely additional logging output above.
640 verbose exit [ 1, true ]
